Grading revision r47029 by tolar2, dated 2015-12-02 00:49:02.000473093 -0600 CST
Monad Autograder
Testing mp7 at 2015-12-03 00:50:45

"Hulp -> Wat is dit?" ~ LibreOffice Impress

Setting up test environment...
Compiling...
================================================================
unit_tests.cpp:111:26: error: unknown type name 'SquareMaze'
void assert_maze_acyclic(SquareMaze & maze, int width, int height);
                         ^
unit_tests.cpp:112:28: error: unknown type name 'SquareMaze'
void assert_maze_connected(SquareMaze & maze, int width, int height);
                           ^
unit_tests.cpp:113:23: error: unknown type name 'SquareMaze'
void assert_maze_tree(SquareMaze & maze, int width, int height);
                      ^
unit_tests.cpp:114:42: error: unknown type name 'SquareMaze'
void copyMaze(const MazeReader & source, SquareMaze * dest);
                                         ^
unit_tests.cpp:128:13: error: unknown type name 'SquareMaze'
void recDFS(SquareMaze & maze, vector<vector<uint8_t> > * visited, int x, int y, int width, int height, int * calls)
            ^
unit_tests.cpp:130:5: error: use of undeclared identifier 'stack'
    stack< pair<int, int> > s;
    ^
unit_tests.cpp:130:27: error: expected '(' for function-style cast or type construction
    stack< pair<int, int> > s;
           ~~~~~~~~~~~~~~ ^
unit_tests.cpp:130:29: error: use of undeclared identifier 's'
    stack< pair<int, int> > s;
                            ^
unit_tests.cpp:131:5: error: use of undeclared identifier 's'
    s.push(make_pair(x, y));
    ^
unit_tests.cpp:133:13: error: use of undeclared identifier 's'
    while (!s.empty()) {
            ^
unit_tests.cpp:134:13: error: use of undeclared identifier 's'
        x = s.top().first;
            ^
unit_tests.cpp:135:13: error: use of undeclared identifier 's'
        y = s.top().second;
            ^
unit_tests.cpp:136:9: error: use of undeclared identifier 's'
        s.pop();
        ^
unit_tests.cpp:143:13: error: use of undeclared identifier 's'
            s.push(make_pair(x+1, y));
            ^
unit_tests.cpp:145:13: error: use of undeclared identifier 's'
            s.push(make_pair(x, y+1));
            ^
unit_tests.cpp:147:13: error: use of undeclared identifier 's'
            s.push(make_pair(x-1, y));
            ^
unit_tests.cpp:149:13: error: use of undeclared identifier 's'
            s.push(make_pair(x, y-1));
            ^
unit_tests.cpp:153:35: error: unknown type name 'SquareMaze'
pair<int, int> assert_maze_helper(SquareMaze & maze, int width, int height)
                                  ^
unit_tests.cpp:174:26: error: unknown type name 'SquareMaze'
void assert_maze_acyclic(SquareMaze & maze, int width, int height)
                         ^
fatal error: too many errors emitted, stopping now [-ferror-limit=]
20 errors generated.
unit_tests.cpp:111:26: error: unknown type name 'SquareMaze'
void assert_maze_acyclic(SquareMaze & maze, int width, int height);
                         ^
unit_tests.cpp:112:28: error: unknown type name 'SquareMaze'
void assert_maze_connected(SquareMaze & maze, int width, int height);
                           ^
unit_tests.cpp:113:23: error: unknown type name 'SquareMaze'
void assert_maze_tree(SquareMaze & maze, int width, int height);
                      ^
unit_tests.cpp:114:42: error: unknown type name 'SquareMaze'
void copyMaze(const MazeReader & source, SquareMaze * dest);
                                         ^
4 errors generated.
unit_tests.cpp:111:26: error: unknown type name 'SquareMaze'
void assert_maze_acyclic(SquareMaze & maze, int width, int height);
                         ^
unit_tests.cpp:112:28: error: unknown type name 'SquareMaze'
void assert_maze_connected(SquareMaze & maze, int width, int height);
                           ^
unit_tests.cpp:113:23: error: unknown type name 'SquareMaze'
void assert_maze_tree(SquareMaze & maze, int width, int height);
                      ^
unit_tests.cpp:114:42: error: unknown type name 'SquareMaze'
void copyMaze(const MazeReader & source, SquareMaze * dest);
                                         ^
4 errors generated.
unit_tests.cpp:111:26: error: unknown type name 'SquareMaze'
void assert_maze_acyclic(SquareMaze & maze, int width, int height);
                         ^
unit_tests.cpp:112:28: error: unknown type name 'SquareMaze'
void assert_maze_connected(SquareMaze & maze, int width, int height);
                           ^
unit_tests.cpp:113:23: error: unknown type name 'SquareMaze'
void assert_maze_tree(SquareMaze & maze, int width, int height);
                      ^
unit_tests.cpp:114:42: error: unknown type name 'SquareMaze'
void copyMaze(const MazeReader & source, SquareMaze * dest);
                                         ^
unit_tests.cpp:128:13: error: unknown type name 'SquareMaze'
void recDFS(SquareMaze & maze, vector<vector<uint8_t> > * visited, int x, int y, int width, int height, int * calls)
            ^
unit_tests.cpp:130:5: error: use of undeclared identifier 'stack'
    stack< pair<int, int> > s;
    ^
unit_tests.cpp:130:27: error: expected '(' for function-style cast or type construction
    stack< pair<int, int> > s;
           ~~~~~~~~~~~~~~ ^
unit_tests.cpp:130:29: error: use of undeclared identifier 's'
    stack< pair<int, int> > s;
                            ^
unit_tests.cpp:131:5: error: use of undeclared identifier 's'
    s.push(make_pair(x, y));
    ^
unit_tests.cpp:133:13: error: use of undeclared identifier 's'
    while (!s.empty()) {
            ^
unit_tests.cpp:134:13: error: use of undeclared identifier 's'
        x = s.top().first;
            ^
unit_tests.cpp:135:13: error: use of undeclared identifier 's'
        y = s.top().second;
            ^
unit_tests.cpp:136:9: error: use of undeclared identifier 's'
        s.pop();
        ^
unit_tests.cpp:143:13: error: use of undeclared identifier 's'
            s.push(make_pair(x+1, y));
            ^
unit_tests.cpp:145:13: error: use of undeclared identifier 's'
            s.push(make_pair(x, y+1));
            ^
unit_tests.cpp:147:13: error: use of undeclared identifier 's'
            s.push(make_pair(x-1, y));
            ^
unit_tests.cpp:149:13: error: use of undeclared identifier 's'
            s.push(make_pair(x, y-1));
            ^
unit_tests.cpp:153:35: error: unknown type name 'SquareMaze'
pair<int, int> assert_maze_helper(SquareMaze & maze, int width, int height)
                                  ^
unit_tests.cpp:174:26: error: unknown type name 'SquareMaze'
void assert_maze_acyclic(SquareMaze & maze, int width, int height)
                         ^
fatal error: too many errors emitted, stopping now [-ferror-limit=]
20 errors generated.
unit_tests.cpp:111:26: error: unknown type name 'SquareMaze'
void assert_maze_acyclic(SquareMaze & maze, int width, int height);
                         ^
unit_tests.cpp:112:28: error: unknown type name 'SquareMaze'
void assert_maze_connected(SquareMaze & maze, int width, int height);
                           ^
unit_tests.cpp:113:23: error: unknown type name 'SquareMaze'
void assert_maze_tree(SquareMaze & maze, int width, int height);
                      ^
unit_tests.cpp:114:42: error: unknown type name 'SquareMaze'
void copyMaze(const MazeReader & source, SquareMaze * dest);
                                         ^
4 errors generated.
unit_tests.cpp:111:26: error: unknown type name 'SquareMaze'
void assert_maze_acyclic(SquareMaze & maze, int width, int height);
                         ^
unit_tests.cpp:112:28: error: unknown type name 'SquareMaze'
void assert_maze_connected(SquareMaze & maze, int width, int height);
                           ^
unit_tests.cpp:113:23: error: unknown type name 'SquareMaze'
void assert_maze_tree(SquareMaze & maze, int width, int height);
                      ^
unit_tests.cpp:114:42: error: unknown type name 'SquareMaze'
void copyMaze(const MazeReader & source, SquareMaze * dest);
                                         ^
4 errors generated.
unit_tests.cpp:111:26: error: unknown type name 'SquareMaze'
void assert_maze_acyclic(SquareMaze & maze, int width, int height);
                         ^
unit_tests.cpp:112:28: error: unknown type name 'SquareMaze'
void assert_maze_connected(SquareMaze & maze, int width, int height);
                           ^
unit_tests.cpp:113:23: error: unknown type name 'SquareMaze'
void assert_maze_tree(SquareMaze & maze, int width, int height);
                      ^
unit_tests.cpp:114:42: error: unknown type name 'SquareMaze'
void copyMaze(const MazeReader & source, SquareMaze * dest);
                                         ^
4 errors generated.
unit_tests.cpp:111:26: error: unknown type name 'SquareMaze'
void assert_maze_acyclic(SquareMaze & maze, int width, int height);
                         ^
unit_tests.cpp:112:28: error: unknown type name 'SquareMaze'
void assert_maze_connected(SquareMaze & maze, int width, int height);
                           ^
unit_tests.cpp:113:23: error: unknown type name 'SquareMaze'
void assert_maze_tree(SquareMaze & maze, int width, int height);
                      ^
unit_tests.cpp:114:42: error: unknown type name 'SquareMaze'
void copyMaze(const MazeReader & source, SquareMaze * dest);
                                         ^
4 errors generated.
unit_tests.cpp:111:26: error: unknown type name 'SquareMaze'
void assert_maze_acyclic(SquareMaze & maze, int width, int height);
                         ^
unit_tests.cpp:112:28: error: unknown type name 'SquareMaze'
void assert_maze_connected(SquareMaze & maze, int width, int height);
                           ^
unit_tests.cpp:113:23: error: unknown type name 'SquareMaze'
void assert_maze_tree(SquareMaze & maze, int width, int height);
                      ^
unit_tests.cpp:114:42: error: unknown type name 'SquareMaze'
void copyMaze(const MazeReader & source, SquareMaze * dest);
                                         ^
4 errors generated.
unit_tests.cpp:111:26: error: unknown type name 'SquareMaze'
void assert_maze_acyclic(SquareMaze & maze, int width, int height);
                         ^
unit_tests.cpp:112:28: error: unknown type name 'SquareMaze'
void assert_maze_connected(SquareMaze & maze, int width, int height);
                           ^
unit_tests.cpp:113:23: error: unknown type name 'SquareMaze'
void assert_maze_tree(SquareMaze & maze, int width, int height);
                      ^
unit_tests.cpp:114:42: error: unknown type name 'SquareMaze'
void copyMaze(const MazeReader & source, SquareMaze * dest);
                                         ^
4 errors generated.
unit_tests.cpp:111:26: error: unknown type name 'SquareMaze'
void assert_maze_acyclic(SquareMaze & maze, int width, int height);
                         ^
unit_tests.cpp:112:28: error: unknown type name 'SquareMaze'
void assert_maze_connected(SquareMaze & maze, int width, int height);
                           ^
unit_tests.cpp:113:23: error: unknown type name 'SquareMaze'
void assert_maze_tree(SquareMaze & maze, int width, int height);
                      ^
unit_tests.cpp:114:42: error: unknown type name 'SquareMaze'
void copyMaze(const MazeReader & source, SquareMaze * dest);
                                         ^
4 errors generated.
unit_tests.cpp:111:26: error: unknown type name 'SquareMaze'
void assert_maze_acyclic(SquareMaze & maze, int width, int height);
                         ^
unit_tests.cpp:112:28: error: unknown type name 'SquareMaze'
void assert_maze_connected(SquareMaze & maze, int width, int height);
                           ^
unit_tests.cpp:113:23: error: unknown type name 'SquareMaze'
void assert_maze_tree(SquareMaze & maze, int width, int height);
                      ^
unit_tests.cpp:114:42: error: unknown type name 'SquareMaze'
void copyMaze(const MazeReader & source, SquareMaze * dest);
                                         ^
4 errors generated.
unit_tests.cpp:111:26: error: unknown type name 'SquareMaze'
void assert_maze_acyclic(SquareMaze & maze, int width, int height);
                         ^
unit_tests.cpp:112:28: error: unknown type name 'SquareMaze'
void assert_maze_connected(SquareMaze & maze, int width, int height);
                           ^
unit_tests.cpp:113:23: error: unknown type name 'SquareMaze'
void assert_maze_tree(SquareMaze & maze, int width, int height);
                      ^
unit_tests.cpp:114:42: error: unknown type name 'SquareMaze'
void copyMaze(const MazeReader & source, SquareMaze * dest);
                                         ^
unit_tests.cpp:128:13: error: unknown type name 'SquareMaze'
void recDFS(SquareMaze & maze, vector<vector<uint8_t> > * visited, int x, int y, int width, int height, int * calls)
            ^
unit_tests.cpp:130:5: error: use of undeclared identifier 'stack'
    stack< pair<int, int> > s;
    ^
unit_tests.cpp:130:27: error: expected '(' for function-style cast or type construction
    stack< pair<int, int> > s;
           ~~~~~~~~~~~~~~ ^
unit_tests.cpp:130:29: error: use of undeclared identifier 's'
    stack< pair<int, int> > s;
                            ^
unit_tests.cpp:131:5: error: use of undeclared identifier 's'
    s.push(make_pair(x, y));
    ^
unit_tests.cpp:133:13: error: use of undeclared identifier 's'
    while (!s.empty()) {
            ^
unit_tests.cpp:134:13: error: use of undeclared identifier 's'
        x = s.top().first;
            ^
unit_tests.cpp:135:13: error: use of undeclared identifier 's'
        y = s.top().second;
            ^
unit_tests.cpp:136:9: error: use of undeclared identifier 's'
        s.pop();
        ^
unit_tests.cpp:143:13: error: use of undeclared identifier 's'
            s.push(make_pair(x+1, y));
            ^
unit_tests.cpp:145:13: error: use of undeclared identifier 's'
            s.push(make_pair(x, y+1));
            ^
unit_tests.cpp:147:13: error: use of undeclared identifier 's'
            s.push(make_pair(x-1, y));
            ^
unit_tests.cpp:149:13: error: use of undeclared identifier 's'
            s.push(make_pair(x, y-1));
            ^
unit_tests.cpp:153:35: error: unknown type name 'SquareMaze'
pair<int, int> assert_maze_helper(SquareMaze & maze, int width, int height)
                                  ^
unit_tests.cpp:174:26: error: unknown type name 'SquareMaze'
void assert_maze_acyclic(SquareMaze & maze, int width, int height)
                         ^
fatal error: too many errors emitted, stopping now [-ferror-limit=]
20 errors generated.
unit_tests.cpp:111:26: error: unknown type name 'SquareMaze'
void assert_maze_acyclic(SquareMaze & maze, int width, int height);
                         ^
unit_tests.cpp:112:28: error: unknown type name 'SquareMaze'
void assert_maze_connected(SquareMaze & maze, int width, int height);
                           ^
unit_tests.cpp:113:23: error: unknown type name 'SquareMaze'
void assert_maze_tree(SquareMaze & maze, int width, int height);
                      ^
unit_tests.cpp:114:42: error: unknown type name 'SquareMaze'
void copyMaze(const MazeReader & source, SquareMaze * dest);
                                         ^
4 errors generated.
unit_tests.cpp:111:26: error: unknown type name 'SquareMaze'
void assert_maze_acyclic(SquareMaze & maze, int width, int height);
                         ^
unit_tests.cpp:112:28: error: unknown type name 'SquareMaze'
void assert_maze_connected(SquareMaze & maze, int width, int height);
                           ^
unit_tests.cpp:113:23: error: unknown type name 'SquareMaze'
void assert_maze_tree(SquareMaze & maze, int width, int height);
                      ^
unit_tests.cpp:114:42: error: unknown type name 'SquareMaze'
void copyMaze(const MazeReader & source, SquareMaze * dest);
                                         ^
unit_tests.cpp:266:2: error: unknown type name 'SquareMaze'
        SquareMaze maze;
        ^
5 errors generated.
unit_tests.cpp:111:26: error: unknown type name 'SquareMaze'
void assert_maze_acyclic(SquareMaze & maze, int width, int height);
                         ^
unit_tests.cpp:112:28: error: unknown type name 'SquareMaze'
void assert_maze_connected(SquareMaze & maze, int width, int height);
                           ^
unit_tests.cpp:113:23: error: unknown type name 'SquareMaze'
void assert_maze_tree(SquareMaze & maze, int width, int height);
                      ^
unit_tests.cpp:114:42: error: unknown type name 'SquareMaze'
void copyMaze(const MazeReader & source, SquareMaze * dest);
                                         ^
4 errors generated.
unit_tests.cpp:111:26: error: unknown type name 'SquareMaze'
void assert_maze_acyclic(SquareMaze & maze, int width, int height);
                         ^
unit_tests.cpp:112:28: error: unknown type name 'SquareMaze'
void assert_maze_connected(SquareMaze & maze, int width, int height);
                           ^
unit_tests.cpp:113:23: error: unknown type name 'SquareMaze'
void assert_maze_tree(SquareMaze & maze, int width, int height);
                      ^
unit_tests.cpp:114:42: error: unknown type name 'SquareMaze'
void copyMaze(const MazeReader & source, SquareMaze * dest);
                                         ^
unit_tests.cpp:276:2: error: unknown type name 'SquareMaze'
        SquareMaze maze;
        ^
5 errors generated.
unit_tests.cpp:111:26: error: unknown type name 'SquareMaze'
void assert_maze_acyclic(SquareMaze & maze, int width, int height);
                         ^
unit_tests.cpp:112:28: error: unknown type name 'SquareMaze'
void assert_maze_connected(SquareMaze & maze, int width, int height);
                           ^
unit_tests.cpp:113:23: error: unknown type name 'SquareMaze'
void assert_maze_tree(SquareMaze & maze, int width, int height);
                      ^
unit_tests.cpp:114:42: error: unknown type name 'SquareMaze'
void copyMaze(const MazeReader & source, SquareMaze * dest);
                                         ^
unit_tests.cpp:128:13: error: unknown type name 'SquareMaze'
void recDFS(SquareMaze & maze, vector<vector<uint8_t> > * visited, int x, int y, int width, int height, int * calls)
            ^
unit_tests.cpp:130:5: error: use of undeclared identifier 'stack'
    stack< pair<int, int> > s;
    ^
unit_tests.cpp:130:27: error: expected '(' for function-style cast or type construction
    stack< pair<int, int> > s;
           ~~~~~~~~~~~~~~ ^
unit_tests.cpp:130:29: error: use of undeclared identifier 's'
    stack< pair<int, int> > s;
                            ^
unit_tests.cpp:131:5: error: use of undeclared identifier 's'
    s.push(make_pair(x, y));
    ^
unit_tests.cpp:133:13: error: use of undeclared identifier 's'
    while (!s.empty()) {
            ^
unit_tests.cpp:134:13: error: use of undeclared identifier 's'
        x = s.top().first;
            ^
unit_tests.cpp:135:13: error: use of undeclared identifier 's'
        y = s.top().second;
            ^
unit_tests.cpp:136:9: error: use of undeclared identifier 's'
        s.pop();
        ^
unit_tests.cpp:143:13: error: use of undeclared identifier 's'
            s.push(make_pair(x+1, y));
            ^
unit_tests.cpp:145:13: error: use of undeclared identifier 's'
            s.push(make_pair(x, y+1));
            ^
unit_tests.cpp:147:13: error: use of undeclared identifier 's'
            s.push(make_pair(x-1, y));
            ^
unit_tests.cpp:149:13: error: use of undeclared identifier 's'
            s.push(make_pair(x, y-1));
            ^
unit_tests.cpp:153:35: error: unknown type name 'SquareMaze'
pair<int, int> assert_maze_helper(SquareMaze & maze, int width, int height)
                                  ^
unit_tests.cpp:174:26: error: unknown type name 'SquareMaze'
void assert_maze_acyclic(SquareMaze & maze, int width, int height)
                         ^
fatal error: too many errors emitted, stopping now [-ferror-limit=]
20 errors generated.
unit_tests.cpp:111:26: error: unknown type name 'SquareMaze'
void assert_maze_acyclic(SquareMaze & maze, int width, int height);
                         ^
unit_tests.cpp:112:28: error: unknown type name 'SquareMaze'
void assert_maze_connected(SquareMaze & maze, int width, int height);
                           ^
unit_tests.cpp:113:23: error: unknown type name 'SquareMaze'
void assert_maze_tree(SquareMaze & maze, int width, int height);
                      ^
unit_tests.cpp:114:42: error: unknown type name 'SquareMaze'
void copyMaze(const MazeReader & source, SquareMaze * dest);
                                         ^
unit_tests.cpp:286:2: error: unknown type name 'SquareMaze'
        SquareMaze maze;
        ^
5 errors generated.
unit_tests.cpp:111:26: error: unknown type name 'SquareMaze'
void assert_maze_acyclic(SquareMaze & maze, int width, int height);
                         ^
unit_tests.cpp:112:28: error: unknown type name 'SquareMaze'
void assert_maze_connected(SquareMaze & maze, int width, int height);
                           ^
unit_tests.cpp:113:23: error: unknown type name 'SquareMaze'
void assert_maze_tree(SquareMaze & maze, int width, int height);
                      ^
unit_tests.cpp:114:42: error: unknown type name 'SquareMaze'
void copyMaze(const MazeReader & source, SquareMaze * dest);
                                         ^
unit_tests.cpp:266:2: error: unknown type name 'SquareMaze'
        SquareMaze maze;
        ^
5 errors generated.
unit_tests.cpp:111:26: error: unknown type name 'SquareMaze'
void assert_maze_acyclic(SquareMaze & maze, int width, int height);
                         ^
unit_tests.cpp:112:28: error: unknown type name 'SquareMaze'
void assert_maze_connected(SquareMaze & maze, int width, int height);
                           ^
unit_tests.cpp:113:23: error: unknown type name 'SquareMaze'
void assert_maze_tree(SquareMaze & maze, int width, int height);
                      ^
unit_tests.cpp:114:42: error: unknown type name 'SquareMaze'
void copyMaze(const MazeReader & source, SquareMaze * dest);
                                         ^
unit_tests.cpp:296:2: error: unknown type name 'SquareMaze'
        SquareMaze maze;
        ^
5 errors generated.
unit_tests.cpp:111:26: error: unknown type name 'SquareMaze'
void assert_maze_acyclic(SquareMaze & maze, int width, int height);
                         ^
unit_tests.cpp:112:28: error: unknown type name 'SquareMaze'
void assert_maze_connected(SquareMaze & maze, int width, int height);
                           ^
unit_tests.cpp:113:23: error: unknown type name 'SquareMaze'
void assert_maze_tree(SquareMaze & maze, int width, int height);
                      ^
unit_tests.cpp:114:42: error: unknown type name 'SquareMaze'
void copyMaze(const MazeReader & source, SquareMaze * dest);
                                         ^
unit_tests.cpp:276:2: error: unknown type name 'SquareMaze'
        SquareMaze maze;
        ^
5 errors generated.
unit_tests.cpp:111:26: error: unknown type name 'SquareMaze'
void assert_maze_acyclic(SquareMaze & maze, int width, int height);
                         ^
unit_tests.cpp:112:28: error: unknown type name 'SquareMaze'
void assert_maze_connected(SquareMaze & maze, int width, int height);
                           ^
unit_tests.cpp:113:23: error: unknown type name 'SquareMaze'
void assert_maze_tree(SquareMaze & maze, int width, int height);
                      ^
unit_tests.cpp:114:42: error: unknown type name 'SquareMaze'
void copyMaze(const MazeReader & source, SquareMaze * dest);
                                         ^
unit_tests.cpp:306:2: error: unknown type name 'SquareMaze'
        SquareMaze maze1;
        ^
unit_tests.cpp:309:2: error: unknown type name 'SquareMaze'
        SquareMaze maze2;
        ^
6 errors generated.
unit_tests.cpp:111:26: error: unknown type name 'SquareMaze'
void assert_maze_acyclic(SquareMaze & maze, int width, int height);
                         ^
unit_tests.cpp:112:28: error: unknown type name 'SquareMaze'
void assert_maze_connected(SquareMaze & maze, int width, int height);
                           ^
unit_tests.cpp:113:23: error: unknown type name 'SquareMaze'
void assert_maze_tree(SquareMaze & maze, int width, int height);
                      ^
unit_tests.cpp:114:42: error: unknown type name 'SquareMaze'
void copyMaze(const MazeReader & source, SquareMaze * dest);
                                         ^
unit_tests.cpp:286:2: error: unknown type name 'SquareMaze'
        SquareMaze maze;
        ^
5 errors generated.
unit_tests.cpp:111:26: error: unknown type name 'SquareMaze'
void assert_maze_acyclic(SquareMaze & maze, int width, int height);
                         ^
unit_tests.cpp:112:28: error: unknown type name 'SquareMaze'
void assert_maze_connected(SquareMaze & maze, int width, int height);
                           ^
unit_tests.cpp:113:23: error: unknown type name 'SquareMaze'
void assert_maze_tree(SquareMaze & maze, int width, int height);
                      ^
unit_tests.cpp:114:42: error: unknown type name 'SquareMaze'
void copyMaze(const MazeReader & source, SquareMaze * dest);
                                         ^
unit_tests.cpp:330:2: error: unknown type name 'SquareMaze'
        SquareMaze maze;
        ^
5 errors generated.
unit_tests.cpp:111:26: error: unknown type name 'SquareMaze'
void assert_maze_acyclic(SquareMaze & maze, int width, int height);
                         ^
unit_tests.cpp:112:28: error: unknown type name 'SquareMaze'
void assert_maze_connected(SquareMaze & maze, int width, int height);
                           ^
unit_tests.cpp:113:23: error: unknown type name 'SquareMaze'
void assert_maze_tree(SquareMaze & maze, int width, int height);
                      ^
unit_tests.cpp:114:42: error: unknown type name 'SquareMaze'
void copyMaze(const MazeReader & source, SquareMaze * dest);
                                         ^
unit_tests.cpp:296:2: error: unknown type name 'SquareMaze'
        SquareMaze maze;
        ^
5 errors generated.
unit_tests.cpp:111:26: error: unknown type name 'SquareMaze'
void assert_maze_acyclic(SquareMaze & maze, int width, int height);
                         ^
unit_tests.cpp:112:28: error: unknown type name 'SquareMaze'
void assert_maze_connected(SquareMaze & maze, int width, int height);
                           ^
unit_tests.cpp:113:23: error: unknown type name 'SquareMaze'
void assert_maze_tree(SquareMaze & maze, int width, int height);
                      ^
unit_tests.cpp:114:42: error: unknown type name 'SquareMaze'
void copyMaze(const MazeReader & source, SquareMaze * dest);
                                         ^
unit_tests.cpp:353:2: error: unknown type name 'SquareMaze'
        SquareMaze maze;
        ^
5 errors generated.
unit_tests.cpp:111:26: error: unknown type name 'SquareMaze'
void assert_maze_acyclic(SquareMaze & maze, int width, int height);
                         ^
unit_tests.cpp:112:28: error: unknown type name 'SquareMaze'
void assert_maze_connected(SquareMaze & maze, int width, int height);
                           ^
unit_tests.cpp:113:23: error: unknown type name 'SquareMaze'
void assert_maze_tree(SquareMaze & maze, int width, int height);
                      ^
unit_tests.cpp:114:42: error: unknown type name 'SquareMaze'
void copyMaze(const MazeReader & source, SquareMaze * dest);
                                         ^
unit_tests.cpp:306:2: error: unknown type name 'SquareMaze'
        SquareMaze maze1;
        ^
unit_tests.cpp:309:2: error: unknown type name 'SquareMaze'
        SquareMaze maze2;
        ^
6 errors generated.
unit_tests.cpp:111:26: error: unknown type name 'SquareMaze'
void assert_maze_acyclic(SquareMaze & maze, int width, int height);
                         ^
unit_tests.cpp:112:28: error: unknown type name 'SquareMaze'
void assert_maze_connected(SquareMaze & maze, int width, int height);
                           ^
unit_tests.cpp:113:23: error: unknown type name 'SquareMaze'
void assert_maze_tree(SquareMaze & maze, int width, int height);
                      ^
unit_tests.cpp:114:42: error: unknown type name 'SquareMaze'
void copyMaze(const MazeReader & source, SquareMaze * dest);
                                         ^
unit_tests.cpp:372:2: error: unknown type name 'SquareMaze'
        SquareMaze maze;
        ^
5 errors generated.
unit_tests.cpp:111:26: error: unknown type name 'SquareMaze'
void assert_maze_acyclic(SquareMaze & maze, int width, int height);
                         ^
unit_tests.cpp:112:28: error: unknown type name 'SquareMaze'
void assert_maze_connected(SquareMaze & maze, int width, int height);
                           ^
unit_tests.cpp:113:23: error: unknown type name 'SquareMaze'
void assert_maze_tree(SquareMaze & maze, int width, int height);
                      ^
unit_tests.cpp:114:42: error: unknown type name 'SquareMaze'
void copyMaze(const MazeReader & source, SquareMaze * dest);
                                         ^
unit_tests.cpp:330:2: error: unknown type name 'SquareMaze'
        SquareMaze maze;
        ^
5 errors generated.
unit_tests.cpp:111:26: error: unknown type name 'SquareMaze'
void assert_maze_acyclic(SquareMaze & maze, int width, int height);
                         ^
unit_tests.cpp:112:28: error: unknown type name 'SquareMaze'
void assert_maze_connected(SquareMaze & maze, int width, int height);
                           ^
unit_tests.cpp:113:23: error: unknown type name 'SquareMaze'
void assert_maze_tree(SquareMaze & maze, int width, int height);
                      ^
unit_tests.cpp:114:42: error: unknown type name 'SquareMaze'
void copyMaze(const MazeReader & source, SquareMaze * dest);
                                         ^
unit_tests.cpp:395:2: error: unknown type name 'SquareMaze'
        SquareMaze maze;
        ^
5 errors generated.
unit_tests.cpp:111:26: error: unknown type name 'SquareMaze'
void assert_maze_acyclic(SquareMaze & maze, int width, int height);
                         ^
unit_tests.cpp:112:28: error: unknown type name 'SquareMaze'
void assert_maze_connected(SquareMaze & maze, int width, int height);
                           ^
unit_tests.cpp:113:23: error: unknown type name 'SquareMaze'
void assert_maze_tree(SquareMaze & maze, int width, int height);
                      ^
unit_tests.cpp:114:42: error: unknown type name 'SquareMaze'
void copyMaze(const MazeReader & source, SquareMaze * dest);
                                         ^
unit_tests.cpp:353:2: error: unknown type name 'SquareMaze'
        SquareMaze maze;
        ^
5 errors generated.
unit_tests.cpp:111:26: error: unknown type name 'SquareMaze'
void assert_maze_acyclic(SquareMaze & maze, int width, int height);
                         ^
unit_tests.cpp:112:28: error: unknown type name 'SquareMaze'
void assert_maze_connected(SquareMaze & maze, int width, int height);
                           ^
unit_tests.cpp:113:23: error: unknown type name 'SquareMaze'
void assert_maze_tree(SquareMaze & maze, int width, int height);
                      ^
unit_tests.cpp:114:42: error: unknown type name 'SquareMaze'
void copyMaze(const MazeReader & source, SquareMaze * dest);
                                         ^
unit_tests.cpp:419:2: error: unknown type name 'SquareMaze'
        SquareMaze maze;
        ^
5 errors generated.
unit_tests.cpp:111:26: error: unknown type name 'SquareMaze'
void assert_maze_acyclic(SquareMaze & maze, int width, int height);
                         ^
unit_tests.cpp:112:28: error: unknown type name 'SquareMaze'
void assert_maze_connected(SquareMaze & maze, int width, int height);
                           ^
unit_tests.cpp:113:23: error: unknown type name 'SquareMaze'
void assert_maze_tree(SquareMaze & maze, int width, int height);
                      ^
unit_tests.cpp:114:42: error: unknown type name 'SquareMaze'
void copyMaze(const MazeReader & source, SquareMaze * dest);
                                         ^
unit_tests.cpp:372:2: error: unknown type name 'SquareMaze'
        SquareMaze maze;
        ^
5 errors generated.
unit_tests.cpp:111:26: error: unknown type name 'SquareMaze'
void assert_maze_acyclic(SquareMaze & maze, int width, int height);
                         ^
unit_tests.cpp:112:28: error: unknown type name 'SquareMaze'
void assert_maze_connected(SquareMaze & maze, int width, int height);
                           ^
unit_tests.cpp:113:23: error: unknown type name 'SquareMaze'
void assert_maze_tree(SquareMaze & maze, int width, int height);
                      ^
unit_tests.cpp:114:42: error: unknown type name 'SquareMaze'
void copyMaze(const MazeReader & source, SquareMaze * dest);
                                         ^
unit_tests.cpp:433:2: error: unknown type name 'SquareMaze'
        SquareMaze maze;
        ^
5 errors generated.
unit_tests.cpp:111:26: error: unknown type name 'SquareMaze'
void assert_maze_acyclic(SquareMaze & maze, int width, int height);
                         ^
unit_tests.cpp:112:28: error: unknown type name 'SquareMaze'
void assert_maze_connected(SquareMaze & maze, int width, int height);
                           ^
unit_tests.cpp:113:23: error: unknown type name 'SquareMaze'
void assert_maze_tree(SquareMaze & maze, int width, int height);
                      ^
unit_tests.cpp:114:42: error: unknown type name 'SquareMaze'
void copyMaze(const MazeReader & source, SquareMaze * dest);
                                         ^
unit_tests.cpp:395:2: error: unknown type name 'SquareMaze'
        SquareMaze maze;
        ^
5 errors generated.
unit_tests.cpp:111:26: error: unknown type name 'SquareMaze'
void assert_maze_acyclic(SquareMaze & maze, int width, int height);
                         ^
unit_tests.cpp:112:28: error: unknown type name 'SquareMaze'
void assert_maze_connected(SquareMaze & maze, int width, int height);
                           ^
unit_tests.cpp:113:23: error: unknown type name 'SquareMaze'
void assert_maze_tree(SquareMaze & maze, int width, int height);
                      ^
unit_tests.cpp:114:42: error: unknown type name 'SquareMaze'
void copyMaze(const MazeReader & source, SquareMaze * dest);
                                         ^
unit_tests.cpp:447:2: error: unknown type name 'SquareMaze'
        SquareMaze maze;
        ^
5 errors generated.
unit_tests.cpp:111:26: error: unknown type name 'SquareMaze'
void assert_maze_acyclic(SquareMaze & maze, int width, int height);
                         ^
unit_tests.cpp:112:28: error: unknown type name 'SquareMaze'
void assert_maze_connected(SquareMaze & maze, int width, int height);
                           ^
unit_tests.cpp:113:23: error: unknown type name 'SquareMaze'
void assert_maze_tree(SquareMaze & maze, int width, int height);
                      ^
unit_tests.cpp:114:42: error: unknown type name 'SquareMaze'
void copyMaze(const MazeReader & source, SquareMaze * dest);
                                         ^
unit_tests.cpp:419:2: error: unknown type name 'SquareMaze'
        SquareMaze maze;
        ^
5 errors generated.
unit_tests.cpp:111:26: error: unknown type name 'SquareMaze'
void assert_maze_acyclic(SquareMaze & maze, int width, int height);
                         ^
unit_tests.cpp:112:28: error: unknown type name 'SquareMaze'
void assert_maze_connected(SquareMaze & maze, int width, int height);
                           ^
unit_tests.cpp:113:23: error: unknown type name 'SquareMaze'
void assert_maze_tree(SquareMaze & maze, int width, int height);
                      ^
unit_tests.cpp:114:42: error: unknown type name 'SquareMaze'
void copyMaze(const MazeReader & source, SquareMaze * dest);
                                         ^
unit_tests.cpp:461:2: error: unknown type name 'SquareMaze'
        SquareMaze maze;
        ^
5 errors generated.
unit_tests.cpp:111:26: error: unknown type name 'SquareMaze'
void assert_maze_acyclic(SquareMaze & maze, int width, int height);
                         ^
unit_tests.cpp:112:28: error: unknown type name 'SquareMaze'
void assert_maze_connected(SquareMaze & maze, int width, int height);
                           ^
unit_tests.cpp:113:23: error: unknown type name 'SquareMaze'
void assert_maze_tree(SquareMaze & maze, int width, int height);
                      ^
unit_tests.cpp:114:42: error: unknown type name 'SquareMaze'
void copyMaze(const MazeReader & source, SquareMaze * dest);
                                         ^
unit_tests.cpp:433:2: error: unknown type name 'SquareMaze'
        SquareMaze maze;
        ^
5 errors generated.
unit_tests.cpp:111:26: error: unknown type name 'SquareMaze'
void assert_maze_acyclic(SquareMaze & maze, int width, int height);
                         ^
unit_tests.cpp:112:28: error: unknown type name 'SquareMaze'
void assert_maze_connected(SquareMaze & maze, int width, int height);
                           ^
unit_tests.cpp:113:23: error: unknown type name 'SquareMaze'
void assert_maze_tree(SquareMaze & maze, int width, int height);
                      ^
unit_tests.cpp:114:42: error: unknown type name 'SquareMaze'
void copyMaze(const MazeReader & source, SquareMaze * dest);
                                         ^
unit_tests.cpp:476:2: error: unknown type name 'SquareMaze'
        SquareMaze maze;
        ^
5 errors generated.
ld: no input files
clang-3.5: error: no such file or directory: 'unit_tests.o'
make: *** [proxy] Error 1
make: *** Waiting for unfinished jobs....
unit_tests.cpp:111:26: error: unknown type name 'SquareMaze'
void assert_maze_acyclic(SquareMaze & maze, int width, int height);
                         ^
unit_tests.cpp:112:28: error: unknown type name 'SquareMaze'
void assert_maze_connected(SquareMaze & maze, int width, int height);
                           ^
unit_tests.cpp:113:23: error: unknown type name 'SquareMaze'
void assert_maze_tree(SquareMaze & maze, int width, int height);
                      ^
unit_tests.cpp:114:42: error: unknown type name 'SquareMaze'
void copyMaze(const MazeReader & source, SquareMaze * dest);
                                         ^
unit_tests.cpp:447:2: error: unknown type name 'SquareMaze'
        SquareMaze maze;
        ^
5 errors generated.
unit_tests.cpp:111:26: error: unknown type name 'SquareMaze'
void assert_maze_acyclic(SquareMaze & maze, int width, int height);
                         ^
unit_tests.cpp:112:28: error: unknown type name 'SquareMaze'
void assert_maze_connected(SquareMaze & maze, int width, int height);
                           ^
unit_tests.cpp:113:23: error: unknown type name 'SquareMaze'
void assert_maze_tree(SquareMaze & maze, int width, int height);
                      ^
unit_tests.cpp:114:42: error: unknown type name 'SquareMaze'
void copyMaze(const MazeReader & source, SquareMaze * dest);
                                         ^
unit_tests.cpp:461:2: error: unknown type name 'SquareMaze'
        SquareMaze maze;
        ^
5 errors generated.
unit_tests.cpp:111:26: error: unknown type name 'SquareMaze'
void assert_maze_acyclic(SquareMaze & maze, int width, int height);
                         ^
unit_tests.cpp:112:28: error: unknown type name 'SquareMaze'
void assert_maze_connected(SquareMaze & maze, int width, int height);
                           ^
unit_tests.cpp:113:23: error: unknown type name 'SquareMaze'
void assert_maze_tree(SquareMaze & maze, int width, int height);
                      ^
unit_tests.cpp:114:42: error: unknown type name 'SquareMaze'
void copyMaze(const MazeReader & source, SquareMaze * dest);
                                         ^
unit_tests.cpp:476:2: error: unknown type name 'SquareMaze'
        SquareMaze maze;
        ^
5 errors generated.
ld: no input files


Running tests...
================================================================
Could not execute test cases


Total score...
================================================================
TOTAL SCORE: 0

